<?xml version="1.0" encoding="UTF-8"?>
<testsuite xmlns:xsi="http://www.w3.org/2001/XMLSchema-instance" xsi:noNamespaceSchemaLocation="https://maven.apache.org/surefire/maven-surefire-plugin/xsd/surefire-test-report.xsd" version="3.0.2" name="com.arquitecturajava.webspring.test.PersonaTest" time="0.159" tests="4" errors="0" skipped="0" failures="0">
  <properties>
[...]
</properties>
  <testcase name="MayorEdadTest1" classname="com.arquitecturajava.webspring.test.PersonaTest" time="0.057"/>
  <testcase name="MayorEdadTest2" classname="com.arquitecturajava.webspring.test.PersonaTest" time="0.003"/>
  <testcase name="MayorEdadTest3" classname="com.arquitecturajava.webspring.test.PersonaTest" time="0.003"/>
  <testcase name="MayorEdadTest4" classname="com.arquitecturajava.webspring.test.PersonaTest" time="0.002"/>
</testsuite>